<?xml version="1.0" encoding="UTF-8"?>
<!-- Generated by org.testng.reporters.JUnitXMLReporter -->
<testsuite hostname="Lenovo-PC" name="DataDrivenTesting" tests="4" failures="0" timestamp="30 May 2020 02:47:45 GMT" time="18.892" errors="0">
  <testcase name="calculateinteest" time="2.609" classname="com.testng.DataProviderinTestNG"/>
  <testcase name="calculateinteest" time="1.746" classname="com.testng.DataProviderinTestNG"/>
  <testcase name="calculateinteest" time="1.671" classname="com.testng.DataProviderinTestNG"/>
  <testcase name="calculateinteest" time="1.94" classname="com.testng.DataProviderinTestNG"/>
</testsuite> <!-- DataDrivenTesting -->
