<?xml version="1.0" encoding="UTF-8"?>
<!-- Generated by org.testng.reporters.JUnitXMLReporter -->
<testsuite hostname="Lenovo-PC" name="RegressionTesting" tests="3" failures="0" timestamp="24 May 2020 02:48:11 GMT" time="44.458" errors="0">
  <testcase name="customerservice_through_contactuspage" time="5.745" classname="com.testng.CustomerService"/>
  <testcase name="addEveningDressesthroughMore" time="8.664" classname="com.testng.Dresses"/>
  <testcase name="AddTshirtstocart" time="5.591" classname="com.testng.Women"/>
</testsuite> <!-- RegressionTesting -->
