<?xml version="1.0" encoding="UTF-8"?>
<testng-results skipped="0" failed="0" total="4" passed="4">
  <reporter-output>
  </reporter-output>
  <suite name="Mortgagecalculator" duration-ms="18892" started-at="2020-05-30T02:47:26Z" finished-at="2020-05-30T02:47:45Z">
    <groups>
      <group name="regression">
        <method signature="DataProviderinTestNG.calculateinteest(java.lang.String, java.lang.String, java.lang.String, java.lang.String)[pri:0, instance:com.testng.DataProviderinTestNG@6fb0d3ed]" name="calculateinteest" class="com.testng.DataProviderinTestNG"/>
      </group> <!-- regression -->
    </groups>
    <test name="DataDrivenTesting" duration-ms="18892" started-at="2020-05-30T02:47:26Z" finished-at="2020-05-30T02:47:45Z">
      <class name="com.testng.DataProviderinTestNG">
        <test-method status="PASS" signature="launchbrowserwithapp(java.lang.String)[pri:0, instance:com.testng.DataProviderinTestNG@6fb0d3ed]" name="launchbrowserwithapp" is-config="true" duration-ms="8358" started-at="2020-05-30T08:17:26Z" finished-at="2020-05-30T08:17:34Z">
          <params>
            <param index="0">
              <value>
                <![CDATA[chrome]]>
              </value>
            </param>
          </params>
          <reporter-output>
          </reporter-output>
        </test-method> <!-- launchbrowserwithapp -->
        <test-method status="PASS" signature="calculateinteest(java.lang.String, java.lang.String, java.lang.String, java.lang.String)[pri:0, instance:com.testng.DataProviderinTestNG@6fb0d3ed]" name="calculateinteest" duration-ms="2609" started-at="2020-05-30T08:17:37Z" data-provider="calculate" finished-at="2020-05-30T08:17:39Z">
          <params>
            <param index="0">
              <value>
                <![CDATA[100000]]>
              </value>
            </param>
            <param index="1">
              <value>
                <![CDATA[30000]]>
              </value>
            </param>
            <param index="2">
              <value>
                <![CDATA[8]]>
              </value>
            </param>
            <param index="3">
              <value>
                <![CDATA[200000]]>
              </value>
            </param>
          </params>
          <reporter-output>
          </reporter-output>
        </test-method> <!-- calculateinteest -->
        <test-method status="PASS" signature="calculateinteest(java.lang.String, java.lang.String, java.lang.String, java.lang.String)[pri:0, instance:com.testng.DataProviderinTestNG@6fb0d3ed]" name="calculateinteest" duration-ms="1746" started-at="2020-05-30T08:17:39Z" data-provider="calculate" finished-at="2020-05-30T08:17:41Z">
          <params>
            <param index="0">
              <value>
                <![CDATA[234557]]>
              </value>
            </param>
            <param index="1">
              <value>
                <![CDATA[435600]]>
              </value>
            </param>
            <param index="2">
              <value>
                <![CDATA[7]]>
              </value>
            </param>
            <param index="3">
              <value>
                <![CDATA[100000]]>
              </value>
            </param>
          </params>
          <reporter-output>
          </reporter-output>
        </test-method> <!-- calculateinteest -->
        <test-method status="PASS" signature="calculateinteest(java.lang.String, java.lang.String, java.lang.String, java.lang.String)[pri:0, instance:com.testng.DataProviderinTestNG@6fb0d3ed]" name="calculateinteest" duration-ms="1671" started-at="2020-05-30T08:17:41Z" data-provider="calculate" finished-at="2020-05-30T08:17:43Z">
          <params>
            <param index="0">
              <value>
                <![CDATA[560000]]>
              </value>
            </param>
            <param index="1">
              <value>
                <![CDATA[34560]]>
              </value>
            </param>
            <param index="2">
              <value>
                <![CDATA[8]]>
              </value>
            </param>
            <param index="3">
              <value>
                <![CDATA[50000]]>
              </value>
            </param>
          </params>
          <reporter-output>
          </reporter-output>
        </test-method> <!-- calculateinteest -->
        <test-method status="PASS" signature="calculateinteest(java.lang.String, java.lang.String, java.lang.String, java.lang.String)[pri:0, instance:com.testng.DataProviderinTestNG@6fb0d3ed]" name="calculateinteest" duration-ms="1940" started-at="2020-05-30T08:17:43Z" data-provider="calculate" finished-at="2020-05-30T08:17:45Z">
          <params>
            <param index="0">
              <value is-null="true"/>
            </param>
            <param index="1">
              <value is-null="true"/>
            </param>
            <param index="2">
              <value is-null="true"/>
            </param>
            <param index="3">
              <value is-null="true"/>
            </param>
          </params>
          <reporter-output>
          </reporter-output>
        </test-method> <!-- calculateinteest -->
        <test-method status="PASS" signature="closebrowser()[pri:0, instance:com.testng.DataProviderinTestNG@6fb0d3ed]" name="closebrowser" is-config="true" duration-ms="648" started-at="2020-05-30T08:17:45Z" finished-at="2020-05-30T08:17:45Z">
          <reporter-output>
          </reporter-output>
        </test-method> <!-- closebrowser -->
      </class> <!-- com.testng.DataProviderinTestNG -->
    </test> <!-- DataDrivenTesting -->
  </suite> <!-- Mortgagecalculator -->
</testng-results>
